<?xml version="1.0" encoding="UTF-8"?>
<testng-results skipped="0" failed="0" ignored="0" total="1" passed="1">
  <reporter-output>
  </reporter-output>
  <suite name="Default suite" duration-ms="9304" started-at="2020-05-10T14:08:55Z" finished-at="2020-05-10T14:09:04Z">
    <groups>
    </groups>
    <test name="Default test" duration-ms="9304" started-at="2020-05-10T14:08:55Z" finished-at="2020-05-10T14:09:04Z">
      <class name="googleSearch.SearchFunctionality">
        <test-method status="PASS" signature="launchBrowser()[pri:0, instance:googleSearch.SearchFunctionality@13c27452]" name="launchBrowser" is-config="true" duration-ms="3952" started-at="2020-05-10T14:08:55Z" finished-at="2020-05-10T14:08:59Z">
          <reporter-output>
          </reporter-output>
        </test-method> <!-- launchBrowser -->
        <test-method status="PASS" signature="search()[pri:1, instance:googleSearch.SearchFunctionality@13c27452]" name="search" duration-ms="5319" started-at="2020-05-10T14:08:59Z" description="Verify search is working properly" finished-at="2020-05-10T14:09:04Z">
          <reporter-output>
          </reporter-output>
        </test-method> <!-- search -->
      </class> <!-- googleSearch.SearchFunctionality -->
    </test> <!-- Default test -->
  </suite> <!-- Default suite -->
</testng-results>
